Arguments: 
  C:\Program Files\nodejs\node.exe C:\Users\dongdong\AppData\Roaming\npm\node_modules\yarn\bin\yarn.js init

PATH: 
  C:\Users\dongdong\bin;C:\Program Files\Git\mingw64\bin;C:\Program Files\Git\usr\local\bin;C:\Program Files\Git\usr\bin;C:\Program Files\Git\usr\bin;C:\Program Files\Git\mingw64\bin;C:\Program Files\Git\usr\bin;C:\Users\dongdong\bin;C:\Program Files (x86)\Common Files\Oracle\Java\javapath;C:\oraclexe\app\oracle\product\11.2.0\server\bin;C:\ProgramData\Oracle\Java\javapath;C:\CodeLab\Oracle\product\11.2.0\dbhome_1\bin;C:\Program Files (x86)\Intel\iCLS Client;C:\Program Files\Intel\iCLS Client;C:\Windows\system32;C:\Windows;C:\Windows\System32\Wbem;C:\Windows\System32\WindowsPowerShell\v1.0;C:\Program Files (x86)\NVIDIA Corporation\PhysX\Common;C:\Program Files (x86)\Intel\Intel(R) Management Engine Components\DAL;C:\Program Files\Intel\Intel(R) Management Engine Components\DAL;C:\Program Files (x86)\Intel\Intel(R) Management Engine Components\IPT;C:\Program Files\Intel\Intel(R) Management Engine Components\IPT;C:\Program Files\Intel\WiFi\bin;C:\Program Files\Common Files\Intel\WirelessCommon;C:\Program Files\Java\jdk1.8.0_151\bin;C:\MinGW\bin;C:\Bitnami\wampstack-5.6.31-0\mysql\bin;C:\Bitnami\wampstack-5.6.31-0\php;C:\ProgramData\ComposerSetup\bin;C:\Program Files\PuTTY;C:\Program Files\Java\jdk1.8.0_151\bin;C:\Program Files\MySQL\MySQL Utilities 1.6;C:\Program Files\TortoiseSVN\bin;C:\Program Files\nodejs;C:\Users\dongdong\AppData\Local\Microsoft\WindowsApps;C:\Program Files\Intel\WiFi\bin;C:\Program Files\Common Files\Intel\WirelessCommon;C:\Users\dongdong\AppData\Local\atom\bin;C:\Users\dongdong\AppData\Roaming\Composer\vendor\bin;C:\Users\dongdong\AppData\Local\GitHubDesktop\bin;C:\Users\dongdong\AppData\Local\Programs\Fiddler;C:\Users\dongdong\AppData\Roaming\npm;C:\Users\dongdong\AppData\Local\Programs\Microsoft VS Code\bin;C:\Program Files\Git\usr\bin\vendor_perl;C:\Program Files\Git\usr\bin\core_perl

Yarn version: 
  1.9.4

Node version: 
  8.12.0

Platform: 
  win32 x64

Trace: 
  Error: Can't answer a question unless a user TTY
      at ConsoleReporter.question (C:\Users\dongdong\AppData\Roaming\npm\node_modules\yarn\lib\cli.js:88073:59)
      at Object.<anonymous> (C:\Users\dongdong\AppData\Roaming\npm\node_modules\yarn\lib\cli.js:80839:38)
      at Generator.next (<anonymous>)
      at step (C:\Users\dongdong\AppData\Roaming\npm\node_modules\yarn\lib\cli.js:92:30)
      at C:\Users\dongdong\AppData\Roaming\npm\node_modules\yarn\lib\cli.js:103:13
      at <anonymous>

npm manifest: 
  {
    "name": "react_tut",
    "version": "1.0.0",
    "main": "index.js",
    "scripts": {
      "test": "echo \"Error: no test specified\" && exit 1",
      "dev-server": "webpack-dev-server"
    },
    "author": "",
    "license": "ISC",
    "dependencies": {
      "react": "^16.5.2",
      "react-dom": "^16.5.2"
    },
    "devDependencies": {
      "babel-core": "^6.26.3",
      "babel-loader": "^8.0.2",
      "babel-preset-es2015": "^6.24.1",
      "babel-preset-react": "^6.24.1",
      "react-hot-loader": "^4.3.11",
      "webpack": "^4.19.1",
      "webpack-cli": "^3.1.1",
      "webpack-dev-server": "^3.1.9"
    },
    "description": ""
  }

yarn manifest: 
  No manifest

Lockfile: 
  No lockfile
